Using pre-set license
Built from '2020.3/staging' branch; Version is '2020.3.9f1 (108be757e447) revision 1084391'; Using compiler version '192528614'; Build Type 'Release'
OS: 'Windows 10 Pro; OS build 19042.985; Version 2009; 64bit' Language: 'en' Physical Memory: 32575 MB
BatchMode: 1, IsHumanControllingUs: 0, StartBugReporterOnCrash: 0, Is64bit: 1, IsPro: 0

 COMMAND LINE ARGUMENTS:
C:\Program Files\Unity\Hub\Editor\2020.3.9f1\Editor\Unity.exe
-adb2
-batchMode
-noUpm
-name
AssetImportWorker0
-projectPath
C:/Users/varaakella/Documents/GitHub/Moonlight/New Unity Project
-logFile
Logs/AssetImportWorker0.log
-srvPort
58263
Successfully changed project path to: C:/Users/varaakella/Documents/GitHub/Moonlight/New Unity Project
C:/Users/varaakella/Documents/GitHub/Moonlight/New Unity Project
Using Asset Import Pipeline V2.
Refreshing native plugins compatible for Editor in 19.96 ms, found 0 plugins.
Preloading 0 native plugins for Editor in 0.00 ms.
Initialize engine version: 2020.3.9f1 (108be757e447)
[Subsystems] Discovering subsystems at path C:/Program Files/Unity/Hub/Editor/2020.3.9f1/Editor/Data/Resources/UnitySubsystems
[Subsystems] Discovering subsystems at path C:/Users/varaakella/Documents/GitHub/Moonlight/New Unity Project/Assets
GfxDevice: creating device client; threaded=0
Direct3D:
    Version:  Direct3D 11.0 [level 11.1]
    Renderer: NVIDIA GeForce GTX 1060 6GB (ID=0x1c03)
    Vendor:   
    VRAM:     6052 MB
    Driver:   27.21.14.5751
Initialize mono
Mono path[0] = 'C:/Program Files/Unity/Hub/Editor/2020.3.9f1/Editor/Data/Managed'
Mono path[1] = 'C:/Program Files/Unity/Hub/Editor/2020.3.9f1/Editor/Data/MonoBleedingEdge/lib/mono/unityjit'
Mono config path = 'C:/Program Files/Unity/Hub/Editor/2020.3.9f1/Editor/Data/MonoBleedingEdge/etc'
Using monoOptions --debugger-agent=transport=dt_socket,embedding=1,server=y,suspend=n,address=127.0.0.1:56992
Begin MonoManager ReloadAssembly
Registering precompiled unity dll's ...
Register platform support module: C:/Program Files/Unity/Hub/Editor/2020.3.9f1/Editor/Data/PlaybackEngines/WebGLSupport/UnityEditor.WebGL.Extensions.dll
Register platform support module: C:/Program Files/Unity/Hub/Editor/2020.3.9f1/Editor/Data/PlaybackEngines/WindowsStandaloneSupport/UnityEditor.WindowsStandalone.Extensions.dll
Registered in 0.002296 seconds.
Native extension for WindowsStandalone target not found
Native extension for WebGL target not found
Refreshing native plugins compatible for Editor in 20.33 ms, found 0 plugins.
Preloading 0 native plugins for Editor in 0.00 ms.
Mono: successfully reloaded assembly
- Completed reload, in  1.041 seconds
Platform modules already initialized, skipping
Registering precompiled user dll's ...
Registered in 0.000652 seconds.
Begin MonoManager ReloadAssembly
Native extension for WindowsStandalone target not found
Native extension for WebGL target not found
Refreshing native plugins compatible for Editor in 0.65 ms, found 0 plugins.
Preloading 0 native plugins for Editor in 0.00 ms.
Mono: successfully reloaded assembly
- Completed reload, in  0.757 seconds
Platform modules already initialized, skipping
========================================================================
Worker process is ready to serve import requests
Launched and connected shader compiler UnityShaderCompiler.exe after 0.04 seconds
Refreshing native plugins compatible for Editor in 0.18 ms, found 0 plugins.
Preloading 0 native plugins for Editor in 0.00 ms.
Unloading 1115 Unused Serialized files (Serialized files now loaded: 0)
System memory in use before: 57.1 MB.
System memory in use after: 57.2 MB.

Unloading 10 unused Assets to reduce memory usage. Loaded Objects now: 1557.
Total: 1.634400 ms (FindLiveObjects: 0.116400 ms CreateObjectMapping: 0.028600 ms MarkObjects: 1.409100 ms  DeleteObjects: 0.079000 ms)

========================================================================
Received Import Request.
  path: Assets/Main.unity
  artifactKey: Guid(77f6b8c80665b0b489e1060f9f484e33) Importer(815301076,1909f56bfc062723c751e8b465ee728b)
Start importing Assets/Main.unity using Guid(77f6b8c80665b0b489e1060f9f484e33) Importer(815301076,1909f56bfc062723c751e8b465ee728b)  -> (artifact id: '06e38ec895dde97c49f4479194ca4535') in 0.024234 seconds
  Import took 0.025936 seconds .

========================================================================
Received Import Request.
  Time since last request: 7.564423 seconds.
  path: Assets/Scenes
  artifactKey: Guid(276c1aa0d6226ef458a876f120ca80a3) Importer(815301076,1909f56bfc062723c751e8b465ee728b)
Start importing Assets/Scenes using Guid(276c1aa0d6226ef458a876f120ca80a3) Importer(815301076,1909f56bfc062723c751e8b465ee728b)  -> (artifact id: 'dd9b2c7d97b20685e4e8a64b5601c244') in 0.008729 seconds
  Import took 0.010862 seconds .

========================================================================
Received Import Request.
  Time since last request: 170.729603 seconds.
  path: Assets/Scenes/SampleScene.unity
  artifactKey: Guid(9fc0d4010bbf28b4594072e72b8655ab) Importer(815301076,1909f56bfc062723c751e8b465ee728b)
Start importing Assets/Scenes/SampleScene.unity using Guid(9fc0d4010bbf28b4594072e72b8655ab) Importer(815301076,1909f56bfc062723c751e8b465ee728b)  -> (artifact id: 'fc5fbfb91f79a02161a2e3ffeed95475') in 0.009041 seconds
  Import took 0.011257 seconds .

========================================================================
Received Import Request.
  Time since last request: 750.177876 seconds.
  path: Assets/Project
  artifactKey: Guid(471e1c8bb3b30f84b9bbd78232b0b54d) Importer(815301076,1909f56bfc062723c751e8b465ee728b)
Start importing Assets/Project using Guid(471e1c8bb3b30f84b9bbd78232b0b54d) Importer(815301076,1909f56bfc062723c751e8b465ee728b)  -> (artifact id: 'ba775414144e6040352027c9da68ff70') in 0.006511 seconds
  Import took 0.008617 seconds .

========================================================================
Received Import Request.
  Time since last request: 8.557098 seconds.
  path: Assets/Project/Scripts
  artifactKey: Guid(dabe9f4e0302fe941b9600294ab74107) Importer(815301076,1909f56bfc062723c751e8b465ee728b)
Start importing Assets/Project/Scripts using Guid(dabe9f4e0302fe941b9600294ab74107) Importer(815301076,1909f56bfc062723c751e8b465ee728b)  -> (artifact id: '64d32f735d4612b6bb988e33a9923af8') in 0.009815 seconds
  Import took 0.014590 seconds .

========================================================================
Received Import Request.
  Time since last request: 6.536014 seconds.
  path: Assets/Project/Scripts/New Folder
  artifactKey: Guid(2ca719a8705c35440827af1dbaf5924e) Importer(815301076,1909f56bfc062723c751e8b465ee728b)
Start importing Assets/Project/Scripts/New Folder using Guid(2ca719a8705c35440827af1dbaf5924e) Importer(815301076,1909f56bfc062723c751e8b465ee728b)  -> (artifact id: '2fede6973e3eb0d6b21eea0978775582') in 0.006647 seconds
  Import took 0.008981 seconds .

========================================================================
Received Import Request.
  Time since last request: 11.641101 seconds.
  path: Assets/Project/Scripts/Player.cs
  artifactKey: Guid(a06c0638c62b1114ea35aaae947bcfe0) Importer(815301076,1909f56bfc062723c751e8b465ee728b)
Start importing Assets/Project/Scripts/Player.cs using Guid(a06c0638c62b1114ea35aaae947bcfe0) Importer(815301076,1909f56bfc062723c751e8b465ee728b)  -> (artifact id: '32b3c64e4f15674ca509e4dd52767366') in 0.030270 seconds
  Import took 0.031832 seconds .

========================================================================
Received Prepare
Registering precompiled user dll's ...
Registered in 0.000633 seconds.
Begin MonoManager ReloadAssembly
Native extension for WindowsStandalone target not found
Native extension for WebGL target not found
Refreshing native plugins compatible for Editor in 0.19 ms, found 0 plugins.
Preloading 0 native plugins for Editor in 0.00 ms.
Mono: successfully reloaded assembly
- Completed reload, in  0.677 seconds
Platform modules already initialized, skipping
Refreshing native plugins compatible for Editor in 0.17 ms, found 0 plugins.
Preloading 0 native plugins for Editor in 0.00 ms.
Unloading 1111 Unused Serialized files (Serialized files now loaded: 0)
System memory in use before: 57.1 MB.
System memory in use after: 57.2 MB.

Unloading 5 unused Assets to reduce memory usage. Loaded Objects now: 1561.
Total: 1.457400 ms (FindLiveObjects: 0.125900 ms CreateObjectMapping: 0.032000 ms MarkObjects: 1.248600 ms  DeleteObjects: 0.050100 ms)

========================================================================
Received Prepare
Registering precompiled user dll's ...
Registered in 0.000642 seconds.
Begin MonoManager ReloadAssembly
Native extension for WindowsStandalone target not found
Native extension for WebGL target not found
Refreshing native plugins compatible for Editor in 0.39 ms, found 0 plugins.
Preloading 0 native plugins for Editor in 0.00 ms.
Mono: successfully reloaded assembly
- Completed reload, in  0.751 seconds
Platform modules already initialized, skipping
Refreshing native plugins compatible for Editor in 0.32 ms, found 0 plugins.
Preloading 0 native plugins for Editor in 0.00 ms.
Unloading 1111 Unused Serialized files (Serialized files now loaded: 0)
System memory in use before: 57.1 MB.
System memory in use after: 57.2 MB.

Unloading 5 unused Assets to reduce memory usage. Loaded Objects now: 1564.
Total: 1.919900 ms (FindLiveObjects: 0.207100 ms CreateObjectMapping: 0.060300 ms MarkObjects: 1.596700 ms  DeleteObjects: 0.053900 ms)

========================================================================
Received Import Request.
  Time since last request: 8596.426401 seconds.
  path: Assets/Project/Scripts/Player.cs
  artifactKey: Guid(a06c0638c62b1114ea35aaae947bcfe0) Importer(815301076,1909f56bfc062723c751e8b465ee728b)
Start importing Assets/Project/Scripts/Player.cs using Guid(a06c0638c62b1114ea35aaae947bcfe0) Importer(815301076,1909f56bfc062723c751e8b465ee728b)  -> (artifact id: 'f72117e09329777d194be89c0c2620c9') in 0.014431 seconds
  Import took 0.016506 seconds .

AssetImportWorkerClient::OnTransportError - code=2 error=End of file
